[debug] [2020-03-03T14:42:38.788Z] ----------------------------------------------------------------------
[debug] [2020-03-03T14:42:38.790Z] Command:       /usr/local/bin/node /usr/local/bin/firebase init
[debug] [2020-03-03T14:42:38.790Z] CLI Version:   7.14.0
[debug] [2020-03-03T14:42:38.790Z] Platform:      darwin
[debug] [2020-03-03T14:42:38.790Z] Node Version:  v11.2.0
[debug] [2020-03-03T14:42:38.794Z] Time:          Tue Mar 03 2020 09:42:38 GMT-0500 (Eastern Standard Time)
[debug] [2020-03-03T14:42:38.794Z] ----------------------------------------------------------------------
[debug] [2020-03-03T14:42:38.794Z] 
[debug] [2020-03-03T14:42:38.829Z] > command requires scopes: ["email","openid","https://www.googleapis.com/auth/cloudplatformprojects.readonly","https://www.googleapis.com/auth/firebase","https://www.googleapis.com/auth/cloud-platform"]
[debug] [2020-03-03T14:42:38.830Z] > authorizing via signed-in user
[info] 
     ######## #### ########  ######## ########     ###     ######  ########
     ##        ##  ##     ## ##       ##     ##  ##   ##  ##       ##
     ######    ##  ########  ######   ########  #########  ######  ######
     ##        ##  ##    ##  ##       ##     ## ##     ##       ## ##
     ##       #### ##     ## ######## ########  ##     ##  ######  ########

You're about to initialize a Firebase project in this directory:

  /Users/fahadkiani/Desktop/Comp Science/Projects/React

Before we get started, keep in mind:

  * You are initializing in an existing Firebase project directory

[info] 
=== Project Setup
[info] 
[info] First, let's associate this project directory with a Firebase project.
[info] You can create multiple project aliases by running firebase use --add, 
[info] but for now we'll just set up a default project.
[info] 
[info] i  .firebaserc already has a default project, using testfirebase-e3a13.
[debug] [2020-03-03T14:43:16.484Z] > refreshing access token with scopes: ["email","https://www.googleapis.com/auth/cloud-platform","https://www.googleapis.com/auth/cloudplatformprojects.readonly","https://www.googleapis.com/auth/firebase","openid"]
[debug] [2020-03-03T14:43:16.485Z] >>> HTTP REQUEST POST https://www.googleapis.com/oauth2/v3/token  
 <request body omitted>
[debug] [2020-03-03T14:43:16.735Z] <<< HTTP RESPONSE 200
[debug] [2020-03-03T14:43:16.775Z] >>> HTTP REQUEST GET https://firebase.googleapis.com/v1beta1/projects/testfirebase-e3a13  
 
[debug] [2020-03-03T14:43:17.063Z] <<< HTTP RESPONSE 200
[info] 
=== Hosting Setup
[info] 
[info] Your public directory is the folder (relative to your project directory) that
[info] will contain Hosting assets to be uploaded with firebase deploy. If you
[info] have a build process for your assets, use your build's output directory.
[info] 
